<?xml version="1.0" encoding="UTF-8"?>
<testsuite xmlns:xsi="http://www.w3.org/2001/XMLSchema-instance" xsi:noNamespaceSchemaLocation="https://maven.apache.org/surefire/maven-surefire-plugin/xsd/surefire-test-report-3.0.xsd" version="3.0" name="es.ies.puerto.optcg.controller.CartaControllerTest" time="1.56" tests="5" errors="0" skipped="0" failures="0">
  <properties>
[...]
</properties>
  <testcase name="testDeleteCarta" classname="es.ies.puerto.optcg.controller.CartaControllerTest" time="1.463"/>
  <testcase name="testUpdateCarta" classname="es.ies.puerto.optcg.controller.CartaControllerTest" time="0.042"/>
  <testcase name="testCreateCarta" classname="es.ies.puerto.optcg.controller.CartaControllerTest" time="0.003"/>
  <testcase name="testGetAllCartas" classname="es.ies.puerto.optcg.controller.CartaControllerTest" time="0.004"/>
  <testcase name="testGetCartaById" classname="es.ies.puerto.optcg.controller.CartaControllerTest" time="0.003"/>
</testsuite>